2019-09-20 15:00:02 ERROR (MainThread) [homeassistant.config_entries] Error setting up entry Home for smartthings
Traceback (most recent call last):
  File "/usr/src/homeassistant/homeassistant/config_entries.py", line 190, in async_setup
    hass, self
  File "/usr/src/homeassistant/homeassistant/components/smartthings/__init__.py", line 110, in async_setup_entry
    entry.data[CONF_REFRESH_TOKEN],
  File "/usr/local/lib/python3.7/site-packages/pysmartthings/smartthings.py", line 202, in generate_tokens
    client_id, client_secret, refresh_token)
  File "/usr/local/lib/python3.7/site-packages/pysmartthings/api.py", line 417, in generate_tokens
    raise APIInvalidGrant(data.get('error_description'))
pysmartthings.errors.APIInvalidGrant: Wrong client for this refresh token: db9b9c59-5e10-4f11-baef-f5aa750199e8
2019-09-20 15:00:05 ERROR (MainThread) [homeassistant.components.automation] Error while executing automation automation.enable_arlo_upon_ha_start. Service not found for call_service at pos 1: Unable to find service camera/enable_motion_detection
2019-09-20 15:27:16 WARNING (zeroconf-ServiceBrowser__googlecast._tcp.local.) [zeroconf] Exception occurred:
Traceback (most recent call last):
  File "/usr/local/lib/python3.7/site-packages/zeroconf.py", line 2245, in send
    bytes_sent = s.sendto(packet, 0, (addr, port))
PermissionError: [Errno 1] Operation not permitted
2019-09-20 17:12:29 WARNING (MainThread) [homeassistant.components.websocket_api.http.connection.1847624112] Disconnected: Did not receive auth message within 10 seconds
2019-09-20 21:18:32 WARNING (Thread-3) [pychromecast.socket_client] [Study speaker:8009] Heartbeat timeout, resetting connection
2019-09-20 21:18:32 WARNING (Thread-6) [pychromecast.socket_client] [Home group:42209] Heartbeat timeout, resetting connection
2019-09-20 21:18:32 WARNING (Thread-5) [pychromecast.socket_client] [Study group:42968] Heartbeat timeout, resetting connection
2019-09-20 21:18:42 ERROR (Thread-6) [pychromecast.socket_client] [Home group:42209] Failed to connect to service Google-Cast-Group-11f1e685c0f04cfea37403fa44b379c0-1._googlecast._tcp.local., retrying in 5.0s
2019-09-20 21:18:42 ERROR (Thread-3) [pychromecast.socket_client] [Study speaker:8009] Failed to connect to service Google-Home-Mini-ab1649bed7344715e5d99641023cd7f1._googlecast._tcp.local., retrying in 5.0s
2019-09-20 21:18:42 ERROR (Thread-5) [pychromecast.socket_client] [Study group:42968] Failed to connect to service Google-Cast-Group-8814ec1493a5480cadac4b1ddaae9179-1._googlecast._tcp.local., retrying in 5.0s
2019-09-21 03:25:34 ERROR (Thread-5) [pychromecast.socket_client] [Study group:42968] Error reading from socket.
2019-09-21 03:25:34 ERROR (Thread-6) [pychromecast.socket_client] [Home group:42209] Error reading from socket.
2019-09-21 03:25:34 WARNING (Thread-5) [pychromecast.socket_client] [Study group:42968] Error communicating with socket, resetting connection
2019-09-21 03:25:34 WARNING (Thread-6) [pychromecast.socket_client] [Home group:42209] Error communicating with socket, resetting connection
2019-09-21 03:25:34 ERROR (Thread-5) [pychromecast.socket_client] [Study group:42968] Failed to connect to service Google-Cast-Group-8814ec1493a5480cadac4b1ddaae9179._googlecast._tcp.local., retrying in 5.0s
2019-09-21 03:25:59 WARNING (Thread-2) [pychromecast.socket_client] [Kitchen speaker:8009] Heartbeat timeout, resetting connection
2019-09-21 03:26:23 ERROR (Thread-6) [pychromecast.socket_client] [Home group:42209] Error reading from socket.
2019-09-21 03:26:23 ERROR (Thread-5) [pychromecast.socket_client] [Study group:42968] Error reading from socket.
2019-09-21 03:26:23 WARNING (Thread-6) [pychromecast.socket_client] [Home group:42209] Error communicating with socket, resetting connection
2019-09-21 03:26:23 WARNING (Thread-5) [pychromecast.socket_client] [Study group:42968] Error communicating with socket, resetting connection
2019-09-21 05:52:29 ERROR (MainThread) [snitun.multiplexer.core] Ping fails, no response from peer
2019-09-21 06:18:44 ERROR (MainThread) [homeassistant.components.hue.light] Unable to reach bridge 192.168.1.3 (Error requesting data from 192.168.1.3: Cannot connect to host 192.168.1.3:80 ssl:None [No such file or directory])
2019-09-21 21:02:46 WARNING (MainThread) [homeassistant.components.websocket_api.http.connection.1899269232] Disconnected: Did not receive auth message within 10 seconds
2019-09-21 21:04:04 WARNING (MainThread) [homeassistant.components.websocket_api.http.connection.1899268784] Disconnected: Did not receive auth message within 10 seconds
2019-09-21 21:05:02 WARNING (MainThread) [homeassistant.components.websocket_api.http.connection.1899266960] Disconnected: Did not receive auth message within 10 seconds
2019-09-22 02:48:04 ERROR (Thread-5) [pychromecast.socket_client] [Study group:42968] Error reading from socket.
2019-09-22 02:48:04 WARNING (Thread-5) [pychromecast.socket_client] [Study group:42968] Error communicating with socket, resetting connection
2019-09-22 02:48:04 ERROR (Thread-6) [pychromecast.socket_client] [Home group:42209] Error reading from socket.
2019-09-22 02:48:04 WARNING (Thread-6) [pychromecast.socket_client] [Home group:42209] Error communicating with socket, resetting connection
2019-09-22 02:48:04 ERROR (Thread-5) [pychromecast.socket_client] [Study group:42968] Failed to connect to service Google-Cast-Group-8814ec1493a5480cadac4b1ddaae9179-1._googlecast._tcp.local., retrying in 5.0s
2019-09-22 02:48:04 ERROR (Thread-6) [pychromecast.socket_client] [Home group:42209] Failed to connect to service Google-Cast-Group-11f1e685c0f04cfea37403fa44b379c0-1._googlecast._tcp.local., retrying in 5.0s
2019-09-22 02:48:29 WARNING (Thread-2) [pychromecast.socket_client] [Kitchen speaker:8009] Heartbeat timeout, resetting connection
2019-09-22 02:48:51 ERROR (Thread-6) [pychromecast.socket_client] [Home group:42209] Error reading from socket.
2019-09-22 02:48:51 ERROR (Thread-5) [pychromecast.socket_client] [Study group:42968] Error reading from socket.
2019-09-22 02:48:51 WARNING (Thread-5) [pychromecast.socket_client] [Study group:42968] Error communicating with socket, resetting connection
2019-09-22 02:48:51 WARNING (Thread-6) [pychromecast.socket_client] [Home group:42209] Error communicating with socket, resetting connection
2019-09-22 02:48:51 ERROR (Thread-5) [pychromecast.socket_client] [Study group:42968] Failed to connect to service Google-Cast-Group-8814ec1493a5480cadac4b1ddaae9179._googlecast._tcp.local., retrying in 5.0s
2019-09-22 02:48:51 ERROR (Thread-6) [pychromecast.socket_client] [Home group:42209] Failed to connect to service Google-Cast-Group-11f1e685c0f04cfea37403fa44b379c0._googlecast._tcp.local., retrying in 5.0s
2019-09-22 03:18:57 ERROR (MainThread) [snitun.multiplexer.core] Ping fails, no response from peer
